  Source.cpp
C:\opencv\build\include\opencv2/core/mat.hpp(2586): warning C4819: 檔案含有無法在目前字碼頁 (950) 中表示的字元。請以 Unicode 格式儲存檔案以防止資料遺失
C:\opencv\build\include\opencv2/core/persistence.hpp : warning C4819: 檔案含有無法在目前字碼頁 (950) 中表示的字元。請以 Unicode 格式儲存檔案以防止資料遺失
C:\opencv\build\include\opencv2/core/utility.hpp : warning C4819: 檔案含有無法在目前字碼頁 (950) 中表示的字元。請以 Unicode 格式儲存檔案以防止資料遺失
C:\opencv\build\include\opencv2/core/utility.hpp : warning C4819: 檔案含有無法在目前字碼頁 (950) 中表示的字元。請以 Unicode 格式儲存檔案以防止資料遺失
c:\opencv\build\include\opencv2\flann\dist.h : warning C4819: 檔案含有無法在目前字碼頁 (950) 中表示的字元。請以 Unicode 格式儲存檔案以防止資料遺失
C:\opencv\build\include\opencv2/imgproc.hpp : warning C4819: 檔案含有無法在目前字碼頁 (950) 中表示的字元。請以 Unicode 格式儲存檔案以防止資料遺失
C:\opencv\build\include\opencv2/imgproc.hpp(592): warning C4819: 檔案含有無法在目前字碼頁 (950) 中表示的字元。請以 Unicode 格式儲存檔案以防止資料遺失
C:\opencv\build\include\opencv2/stitching/detail/motion_estimators.hpp : warning C4819: 檔案含有無法在目前字碼頁 (950) 中表示的字元。請以 Unicode 格式儲存檔案以防止資料遺失
C:\opencv\build\include\opencv2/video/tracking.hpp(532): warning C4819: 檔案含有無法在目前字碼頁 (950) 中表示的字元。請以 Unicode 格式儲存檔案以防止資料遺失
Source.cpp(22): warning C4244: '正在初始化': 將 'int' 轉換為 'float'，由於類型不同，可能導致資料遺失
Source.cpp(23): warning C4244: '正在初始化': 將 'int' 轉換為 'float'，由於類型不同，可能導致資料遺失
Source.cpp(46): warning C4244: '正在初始化': 將 'int' 轉換為 'float'，由於類型不同，可能導致資料遺失
Source.cpp(47): warning C4244: '正在初始化': 將 'int' 轉換為 'float'，由於類型不同，可能導致資料遺失
Source.cpp(48): warning C4244: '正在初始化': 將 'int' 轉換為 'float'，由於類型不同，可能導致資料遺失
Source.cpp(89): warning C4244: '引數': 將 'float' 轉換為 'int'，由於類型不同，可能導致資料遺失
Source.cpp(93): warning C4244: '引數': 將 'float' 轉換為 'int'，由於類型不同，可能導致資料遺失
Source.cpp(94): warning C4244: '引數': 將 'float' 轉換為 'int'，由於類型不同，可能導致資料遺失
Source.cpp(95): warning C4244: '引數': 將 'float' 轉換為 'int'，由於類型不同，可能導致資料遺失
Source.cpp(98): warning C4244: '引數': 將 'float' 轉換為 'int'，由於類型不同，可能導致資料遺失
Source.cpp(99): warning C4244: '引數': 將 'float' 轉換為 'int'，由於類型不同，可能導致資料遺失
Source.cpp(100): warning C4244: '引數': 將 'float' 轉換為 'int'，由於類型不同，可能導致資料遺失
Source.cpp(118): warning C4244: '=': 將 'int' 轉換為 'float'，由於類型不同，可能導致資料遺失
Source.cpp(119): warning C4244: '=': 將 'int' 轉換為 'float'，由於類型不同，可能導致資料遺失
Source.cpp(120): warning C4244: '正在初始化': 將 'double' 轉換為 'float'，由於類型不同，可能導致資料遺失
Source.cpp(121): warning C4244: '正在初始化': 將 'double' 轉換為 'float'，由於類型不同，可能導致資料遺失
Source.cpp(124): warning C4244: '=': 將 'int' 轉換為 'float'，由於類型不同，可能導致資料遺失
Source.cpp(125): warning C4244: '=': 將 'int' 轉換為 'float'，由於類型不同，可能導致資料遺失
Source.cpp(126): warning C4244: '=': 將 'int' 轉換為 'float'，由於類型不同，可能導致資料遺失
Source.cpp(127): warning C4244: '=': 將 'int' 轉換為 'float'，由於類型不同，可能導致資料遺失
Source.cpp(135): warning C4244: '=': 將 'int' 轉換為 'float'，由於類型不同，可能導致資料遺失
Source.cpp(136): warning C4244: '=': 將 'int' 轉換為 'float'，由於類型不同，可能導致資料遺失
Source.cpp(137): warning C4244: '正在初始化': 將 'double' 轉換為 'float'，由於類型不同，可能導致資料遺失
Source.cpp(138): warning C4244: '正在初始化': 將 'double' 轉換為 'float'，由於類型不同，可能導致資料遺失
Source.cpp(141): warning C4244: '=': 將 'int' 轉換為 'float'，由於類型不同，可能導致資料遺失
Source.cpp(142): warning C4244: '=': 將 'int' 轉換為 'float'，由於類型不同，可能導致資料遺失
Source.cpp(143): warning C4244: '=': 將 'int' 轉換為 'float'，由於類型不同，可能導致資料遺失
Source.cpp(144): warning C4244: '=': 將 'int' 轉換為 'float'，由於類型不同，可能導致資料遺失
Source.cpp(190): warning C4244: '引數': 將 'float' 轉換為 'int'，由於類型不同，可能導致資料遺失
Source.cpp(191): warning C4244: '引數': 將 'float' 轉換為 'int'，由於類型不同，可能導致資料遺失
Source.cpp(224): warning C4244: '正在初始化': 將 'float' 轉換為 'int'，由於類型不同，可能導致資料遺失
Source.cpp(225): warning C4244: '正在初始化': 將 'float' 轉換為 'int'，由於類型不同，可能導致資料遺失
Source.cpp(226): warning C4244: '引數': 將 'float' 轉換為 'int'，由於類型不同，可能導致資料遺失
Source.cpp(227): warning C4244: '引數': 將 'float' 轉換為 'int'，由於類型不同，可能導致資料遺失
Source.cpp(228): warning C4244: '引數': 將 'float' 轉換為 'int'，由於類型不同，可能導致資料遺失
Source.cpp(231): warning C4244: '引數': 將 'float' 轉換為 'int'，由於類型不同，可能導致資料遺失
Source.cpp(232): warning C4244: '引數': 將 'float' 轉換為 'int'，由於類型不同，可能導致資料遺失
Source.cpp(233): warning C4244: '引數': 將 'float' 轉換為 'int'，由於類型不同，可能導致資料遺失
  正在產生程式碼
  4 of 581 functions ( 0.7%) were compiled, the rest were copied from previous compilation.
    0 functions were new in current compilation
    0 functions had inline decision re-evaluated but remain unchanged
  已完成程式碼產生
  plz.vcxproj -> C:\dataset_generator\x64\Release\plz.exe
  plz.vcxproj -> C:\dataset_generator\x64\Release\plz.pdb (Full PDB)
